<?xml version="1.0" encoding="UTF-8"?>
<!-- Generated by org.testng.reporters.JUnitReportReporter -->
<testsuite ignored="0" hostname="DESKTOP-MVKU4GK" failures="0" tests="1" name="com.qa.test.SwitchToWindow" time="17.246" errors="0" timestamp="02 Jul 2018 01:15:13 GMT" skipped="0">
  <testcase classname="com.qa.test.SwitchToWindow" name="TestPopUp" time="17.246"/>
</testsuite> <!-- com.qa.test.SwitchToWindow -->
